[22:25:13] Uruchamiam wersje: [6, 7, 8, 10, 12, 13, 14, 15, 16, 17]
[22:25:13] Wczytywanie danych...
[22:25:13]   Dataset: 78,022 meczów | 94 kolumn
[22:25:13] 
████████████████████████████████████████████████████████████
[22:25:13] v6: +PLAYER×WEATHER INTERACTION (historical perf in heat/rain/wind)
[22:25:13] ████████████████████████████████████████████████████████████
[22:25:17] 
============================================================
[22:25:17] TRENING v6 | 35 feats | train=71,872 | hold=6,150
[22:28:14]   WF 2014→2017: AUC=0.9931  BS=0.0344  iters=654
[22:30:46]   WF 2017→2020: AUC=0.9988  BS=0.0145  iters=546
[22:34:08]   WF 2020→2023: AUC=0.9994  BS=0.0104  iters=738
[22:35:06]   WF 2023→2024: AUC=0.9992  BS=0.0154  iters=199
[22:35:06]   WF MEAN: AUC=0.9976  BS=0.0187
[22:35:11]   HOLDOUT 2024-2026: AUC=0.9991  BS=0.0133
[22:35:11]   TOP-5 features: winner_rank_a, winner_age_a, winner_rank_b, winner_age_b, pw_heat_wr_b
[22:35:11]   Zapisano: lgbm_v6_20260625_2235.joblib
[22:35:11] ============================================================
[22:35:11] 
████████████████████████████████████████████████████████████
[22:35:11] v7: +SURFACE×WEATHER INTERACTION TERMS
[22:35:11] ████████████████████████████████████████████████████████████
[22:35:11] 
============================================================
[22:35:11] TRENING v7 | 31 feats | train=71,872 | hold=6,150
[22:35:48]   WF 2014→2017: AUC=0.9086  BS=0.1255  iters=63
[22:36:29]   WF 2017→2020: AUC=0.8874  BS=0.1364  iters=71
[22:37:05]   WF 2020→2023: AUC=0.8895  BS=0.1361  iters=67
[22:37:54]   WF 2023→2024: AUC=0.8733  BS=0.1433  iters=172
[22:37:54]   WF MEAN: AUC=0.8897  BS=0.1353
[22:37:55]   HOLDOUT 2024-2026: AUC=0.8621  BS=0.1497
[22:37:55]   TOP-5 features: winner_rank_a, winner_rank_b, pin_prob_b, pin_log_odds, pin_prob_a
[22:37:55]   Zapisano: lgbm_v7_20260625_2237.joblib
[22:37:55] ============================================================
[22:37:55] 
████████████████████████████████████████████████████████████
[22:37:55] v8: +FATIGUE UPGRADE (days_rest, matches_14d, travel_load)
[22:37:55] ████████████████████████████████████████████████████████████
[22:38:00] 
============================================================
[22:38:00] TRENING v8 | 19 feats | train=71,872 | hold=6,150
[22:38:41]   WF 2014→2017: AUC=0.9097  BS=0.1239  iters=74
[22:39:09]   WF 2017→2020: AUC=0.8896  BS=0.1449  iters=33
[22:40:04]   WF 2020→2023: AUC=0.8912  BS=0.1334  iters=124
[22:40:52]   WF 2023→2024: AUC=0.8741  BS=0.1428  iters=177
[22:40:52]   WF MEAN: AUC=0.8912  BS=0.1362
[22:40:53]   HOLDOUT 2024-2026: AUC=0.8621  BS=0.1495
[22:40:53]   TOP-5 features: winner_rank_a, winner_rank_b, winner_age_a, winner_age_b, pin_prob_a
[22:40:53]   Zapisano: lgbm_v8_20260625_2240.joblib
[22:40:53] ============================================================
[22:40:53] 
████████████████████████████████████████████████████████████
[22:40:53] v10: +RANKING TRAJECTORY (90d delta: rośnie/spada w rankingu)
[22:40:53] ████████████████████████████████████████████████████████████
[22:40:59] 
============================================================
[22:40:59] TRENING v10 | 16 feats | train=71,872 | hold=6,150
[22:41:44]   WF 2014→2017: AUC=0.9097  BS=0.1239  iters=74
[22:42:13]   WF 2017→2020: AUC=0.8896  BS=0.1449  iters=33
[22:43:06]   WF 2020→2023: AUC=0.8912  BS=0.1334  iters=124
[22:43:59]   WF 2023→2024: AUC=0.8741  BS=0.1428  iters=177
[22:43:59]   WF MEAN: AUC=0.8912  BS=0.1362
[22:44:01]   HOLDOUT 2024-2026: AUC=0.8621  BS=0.1495
[22:44:01]   TOP-5 features: winner_rank_a, winner_rank_b, winner_age_a, winner_age_b, pin_prob_a
[22:44:01]   Zapisano: lgbm_v10_20260625_2244.joblib
[22:44:01] ============================================================
[22:44:01] 
████████████████████████████████████████████████████████████
[22:44:01] v12: COMBO (H2H + fatigue + weather)
[22:44:01] ████████████████████████████████████████████████████████████
[22:44:19] 
============================================================
[22:44:19] TRENING v12 | 37 feats | train=71,872 | hold=6,150
[22:45:36]   WF 2014→2017: AUC=0.9230  BS=0.1127  iters=204
[22:47:11]   WF 2017→2020: AUC=0.9317  BS=0.1062  iters=260
[22:48:27]   WF 2020→2023: AUC=0.9220  BS=0.1133  iters=208
[22:49:29]   WF 2023→2024: AUC=0.9377  BS=0.1029  iters=220
[22:49:29]   WF MEAN: AUC=0.9286  BS=0.1088
[22:49:31]   HOLDOUT 2024-2026: AUC=0.9226  BS=0.1134
[22:49:31]   TOP-5 features: winner_rank_a, winner_rank_b, winner_age_b, winner_age_a, pw_heat_edge
[22:49:31]   Zapisano: lgbm_v12_20260625_2249.joblib
[22:49:31] ============================================================
[22:49:31] 
████████████████████████████████████████████████████████████
[22:49:31] v13: +DRAW DIFFICULTY (avg rank pokonanych w turnieju)
[22:49:31] ████████████████████████████████████████████████████████████
[22:49:44] 
============================================================
[22:49:44] TRENING v13 | 31 feats | train=71,872 | hold=6,150
[22:51:11]   WF 2014→2017: AUC=0.9629  BS=0.0785  iters=239
[22:52:30]   WF 2017→2020: AUC=0.9611  BS=0.0800  iters=198
[22:53:55]   WF 2020→2023: AUC=0.9620  BS=0.0787  iters=236
[22:54:47]   WF 2023→2024: AUC=0.9538  BS=0.0869  iters=163
[22:54:47]   WF MEAN: AUC=0.9599  BS=0.0810
[22:54:50]   HOLDOUT 2024-2026: AUC=0.9510  BS=0.0891
[22:54:50]   TOP-5 features: winner_rank_b, winner_rank_a, draw_diff_b, draw_diff_a, draw_diff_delta
[22:54:50]   Zapisano: lgbm_v13_20260625_2254.joblib
[22:54:50] ============================================================
[22:54:50] 
████████████████████████████████████████████████████████████
[22:54:50] v14: +AGE×SURFACE INTERACTION
[22:54:50] ████████████████████████████████████████████████████████████
[22:54:59] 
============================================================
[22:54:59] TRENING v14 | 36 feats | train=71,872 | hold=6,150
[22:57:01]   WF 2014→2017: AUC=0.9665  BS=0.0749  iters=379
[22:59:00]   WF 2017→2020: AUC=0.9606  BS=0.0806  iters=370
[23:01:15]   WF 2020→2023: AUC=0.9584  BS=0.0828  iters=414
[23:03:10]   WF 2023→2024: AUC=0.9576  BS=0.0836  iters=470
[23:03:10]   WF MEAN: AUC=0.9608  BS=0.0805
[23:03:14]   HOLDOUT 2024-2026: AUC=0.9469  BS=0.0933
[23:03:14]   TOP-5 features: winner_rank_b, winner_rank_a, winner_age_b, age_peak_dist_b, age_peak_dist_a
[23:03:14]   Zapisano: lgbm_v14_20260625_2303.joblib
[23:03:14] ============================================================
[23:03:14] 
████████████████████████████████████████████████████████████
[23:03:14] v15: +MARKET CONSENSUS DIVERGENCE (max vs avg vs pinnacle spread)
[23:03:14] ████████████████████████████████████████████████████████████
[23:03:23] 
============================================================
[23:03:23] TRENING v15 | 32 feats | train=71,872 | hold=6,150
[23:04:27]   WF 2014→2017: AUC=0.9180  BS=0.1168  iters=160
[23:05:41]   WF 2017→2020: AUC=0.8983  BS=0.1287  iters=200
[23:06:43]   WF 2020→2023: AUC=0.8981  BS=0.1288  iters=176
[23:07:31]   WF 2023→2024: AUC=0.8802  BS=0.1389  iters=162
[23:07:31]   WF MEAN: AUC=0.8987  BS=0.1283
[23:07:33]   HOLDOUT 2024-2026: AUC=0.8704  BS=0.1445
[23:07:33]   TOP-5 features: winner_rank_a, winner_rank_b, winner_age_b, winner_age_a, pin_prob_a
[23:07:33]   Zapisano: lgbm_v15_20260625_2307.joblib
[23:07:33] ============================================================
[23:07:33] 
████████████████████████████████████████████████████████████
[23:07:33] v16: FULL FEATURE SET (v15 + serve/return rolling stats)
[23:07:33] ████████████████████████████████████████████████████████████
[23:09:22] 
============================================================
[23:09:22] TRENING v16 | 49 feats | train=71,872 | hold=6,150
[23:10:42]   WF 2014→2017: AUC=0.9234  BS=0.1129  iters=217
[23:11:59]   WF 2017→2020: AUC=0.9294  BS=0.1087  iters=198
[23:13:59]   WF 2020→2023: AUC=0.9234  BS=0.1122  iters=368
[23:15:05]   WF 2023→2024: AUC=0.9377  BS=0.1030  iters=227
[23:15:05]   WF MEAN: AUC=0.9285  BS=0.1092
[23:15:08]   HOLDOUT 2024-2026: AUC=0.9224  BS=0.1136
[23:15:08]   TOP-5 features: winner_rank_a, winner_rank_b, pw_heat_edge, winner_age_b, winner_age_a
[23:15:08]   Zapisano: lgbm_v16_20260625_2315.joblib
[23:15:08] ============================================================
[23:15:08] 
████████████████████████████████████████████████████████████
[23:15:08] v17: SHAP TOP-30 SELECTION z v16
[23:15:08] ████████████████████████████████████████████████████████████
[23:15:08]   shap not installed — pip install shap
[23:15:08] 
============================================================
[23:15:08] PODSUMOWANIE WSZYSTKICH WERSJI
[23:15:08] ============================================================
[23:15:08]   v6     AUC=0.9991  BS=0.0133  | +player×weather interaction
[23:15:08]   v13    AUC=0.9510  BS=0.0891  | +draw difficulty
[23:15:08]   v14    AUC=0.9469  BS=0.0933  | +age×surface + peak_age_distance
[23:15:08]   v12    AUC=0.9226  BS=0.1134  | combo: H2H+fatigue+weather+rank_traj
[23:15:08]   v16    AUC=0.9224  BS=0.1136  | full features: odds+weather+H2H+rank_traj+market_div+serve
[23:15:08]   v15    AUC=0.8704  BS=0.1445  | +market consensus divergence features
[23:15:08]   v7     AUC=0.8621  BS=0.1497  | +surface×weather cross-features
[23:15:08]   v8     AUC=0.8621  BS=0.1495  | +fatigue: days_rest + matches_14d
[23:15:08]   v10    AUC=0.8621  BS=0.1495  | +ranking trajectory 90d
[23:15:08] 
Zapisano: /home/ubuntu/betatp/models/versions_results.json
[23:15:08] ============================================================
