[19:21:10] === v2 | ETAP 1: Wczytywanie 1990-2026 ===
[19:21:11]   Wczytano 115,242 meczów | zakres: 1990-01-01 → 2026-01-17
[19:21:11] === v2 | ETAP 2: Elo 6-variant ===
[19:21:11]   [25,000/115,242] 1s
[19:21:12]   [50,000/115,242] 1s
[19:21:13]   [75,000/115,242] 2s
[19:21:14]   [100,000/115,242] 3s
[19:21:14]   Elo gotowe w 3.6s — 3775 graczy
[19:21:15] === v2 | ETAP 3: Random A/B dataset (bez symetrii) ===
[19:21:20]   Dataset: (115242, 39) | y-balance: 0.501 (target=0.500)
[19:21:20] === v2 | ETAP 4: Walk-Forward (holdout=2024+) ===
[19:24:14]   1990-2008→2012: AUC=0.9998 Acc=0.9922 BS=0.0056 [174.3s]
[19:25:33]   1990-2012→2016: AUC=0.9998 Acc=0.9906 BS=0.006 [78.6s]
[19:27:15]   1990-2016→2020: AUC=1.0 Acc=0.9977 BS=0.0014 [101.9s]
[19:27:56]   1990-2020→2022: AUC=1.0 Acc=0.9986 BS=0.0022 [41.2s]
[19:29:47]   1990-2022→2024: AUC=1.0 Acc=0.9976 BS=0.0015 [110.5s]
[19:29:47] 
  WF ŚREDNIE: AUC=0.9999 Acc=0.9953
[19:29:47] === v2 | ETAP 5: Final model (train≤2023, holdout 2024-2026) ===
[19:29:47]   Train: 109,086 | Holdout 2024-2026: 6,156
[200]	valid_0's auc: 0.999976
[400]	valid_0's auc: 0.999983
[19:32:05]   HOLDOUT 2024-2026: AUC=1.0000 Acc=0.9968 BS=0.0018 [138.3s]
[19:32:05] 
=== v2 | Feature Importance TOP-10 ===
[19:32:05]   age_diff: 1614
[19:32:05]   srv_ret_matchup: 1562
[19:32:05]   b_age: 1459
[19:32:05]   a_age: 1454
[19:32:05]   a_n: 1398
[19:32:05]   rank_diff: 1332
[19:32:05]   elo_diff: 1265
[19:32:05]   b_n: 1160
[19:32:05]   rp_diff: 1140
[19:32:05]   a_rank: 1108
[19:32:05] 
============================================================
[19:32:05] v2 DONE | AUC_holdout=1.0000 | Acc=0.9968 | BS=0.0018
[19:32:05] ============================================================
{
  "version": "v2",
  "trained_at": "20260625_1932",
  "train_period": "1990-2023",
  "holdout_period": "2024-2026",
  "n_train": 109086,
  "n_holdout": 6156,
  "walk_forward": [
    {
      "split": "1990-2008\u21922012",
      "n_tr": 63282,
      "n_val": 12253,
      "auc": 0.9998,
      "acc": 0.9922,
      "bs": 0.0056,
      "dur": 174.3
    },
    {
      "split": "1990-2012\u21922016",
      "n_tr": 75535,
      "n_val": 11799,
      "auc": 0.9998,
      "acc": 0.9906,
      "bs": 0.006,
      "dur": 78.6
    },
    {
      "split": "1990-2016\u21922020",
      "n_tr": 87334,
      "n_val": 11638,
      "auc": 1.0,
      "acc": 0.9977,
      "bs": 0.0014,
      "dur": 101.9
    },
    {
      "split": "1990-2020\u21922022",
      "n_tr": 98972,
      "n_val": 4201,
      "auc": 1.0,
      "acc": 0.9986,
      "bs": 0.0022,
      "dur": 41.2
    },
    {
      "split": "1990-2022\u21922024",
      "n_tr": 103173,
      "n_val": 5913,
      "auc": 1.0,
      "acc": 0.9976,
      "bs": 0.0015,
      "dur": 110.5
    }
  ],
  "mean_wf_auc": 0.9999,
  "mean_wf_acc": 0.9953,
  "holdout_auc": 1.0,
  "holdout_acc": 0.9968,
  "holdout_bs": 0.0018
}
