[19:32:07] === v3 | ETAP 1: Wczytywanie ===
[19:32:07]   115,242 meczów | 1990-01-01 → 2026-01-17
[19:32:07] === v3 | ETAP 2: Elo + Form features (chronologicznie) ===
[19:32:09]   [25,000/115,242] 1s
[19:32:10]   [50,000/115,242] 3s
[19:32:12]   [75,000/115,242] 4s
[19:32:13]   [100,000/115,242] 6s
[19:32:14]   State gotowe w 7.0s
[19:32:15] === v3 | ETAP 3: Random A/B ===
[19:32:18]   Dataset: (115242, 60) | balance: 0.501
[19:32:18] === v3 | ETAP 4: Walk-Forward ===
[19:32:30]   1990-2008→2012: AUC=1.0 Acc=1.0 BS=0.2315 [11.7s]
[19:32:43]   1990-2012→2016: AUC=1.0 Acc=1.0 BS=0.2313 [13.2s]
[19:32:59]   1990-2016→2020: AUC=1.0 Acc=1.0 BS=0.2314 [16.0s]
[19:33:08]   1990-2020→2022: AUC=1.0 Acc=1.0 BS=0.2314 [9.2s]
[19:33:20]   1990-2022→2024: AUC=1.0 Acc=1.0 BS=0.2316 [11.6s]
[19:33:20] 
  WF ŚREDNIE: AUC=1.0000 Acc=1.0000
[19:33:20] === v3 | ETAP 5: Final (train≤2023, holdout 2024-2026) ===
[19:33:20]   Train: 109,086 | Holdout 2024-2026: 6,156
[19:33:43]   HOLDOUT 2024-2026: AUC=1.0000 Acc=1.0000 BS=0.2376 [23.1s]
[19:33:43] 
=== v3 | Feature Importance TOP-15 ===
[19:33:43]   a_fat14: 14
[19:33:43]   b_fat14: 14
[19:33:43]   b_streak: 8
[19:33:43]   elo_diff: 8
[19:33:43]   streak_diff: 7
[19:33:43]   rp_diff: 5
[19:33:43]   b_rp: 2
[19:33:43]   a_rp: 1
[19:33:43]   b_ret_elo: 1
[19:33:43]   b_ewma: 1
[19:33:43]   srv_ret_matchup: 1
[19:33:43]   best_of_5: 1
[19:33:43]   a_elo: 0
[19:33:43]   a_srf_elo: 0
[19:33:43]   a_srv_elo: 0
[19:33:43] 
============================================================
[19:33:43] v3 DONE | AUC=1.0000 | Acc=1.0000 | BS=0.2376 | features=58
[19:33:43] ============================================================
{
  "version": "v3",
  "trained_at": "20260625_1933",
  "train_period": "1990-2023",
  "holdout_period": "2024-2026",
  "n_train": 109086,
  "n_holdout": 6156,
  "n_features": 58,
  "walk_forward": [
    {
      "split": "1990-2008\u21922012",
      "n_tr": 63282,
      "n_val": 12253,
      "auc": 1.0,
      "acc": 1.0,
      "bs": 0.2315,
      "dur": 11.7
    },
    {
      "split": "1990-2012\u21922016",
      "n_tr": 75535,
      "n_val": 11799,
      "auc": 1.0,
      "acc": 1.0,
      "bs": 0.2313,
      "dur": 13.2
    },
    {
      "split": "1990-2016\u21922020",
      "n_tr": 87334,
      "n_val": 11638,
      "auc": 1.0,
      "acc": 1.0,
      "bs": 0.2314,
      "dur": 16.0
    },
    {
      "split": "1990-2020\u21922022",
      "n_tr": 98972,
      "n_val": 4201,
      "auc": 1.0,
      "acc": 1.0,
      "bs": 0.2314,
      "dur": 9.2
    },
    {
      "split": "1990-2022\u21922024",
      "n_tr": 103173,
      "n_val": 5913,
      "auc": 1.0,
      "acc": 1.0,
      "bs": 0.2316,
      "dur": 11.6
    }
  ],
  "mean_wf_auc": 1.0,
  "mean_wf_acc": 1.0,
  "holdout_auc": 1.0,
  "holdout_acc": 1.0,
  "holdout_bs": 0.2376
}
